app/build/outputs/logs/manifest-merger-debug-report.txt
-- Merging decision tree log ---
manifest
ADDED from src\main\AndroidManifest.xml:2:1-107:12
	package
		ADDED from src\main\AndroidManifest.xml:3:5-26
		INJECTED from src\main\AndroidManifest.xml
		INJECTED from src\main\AndroidManifest.xml
	android:versionName
		ADDED from src\main\AndroidManifest.xml:5:5-30
		INJECTED from src\main\AndroidManifest.xml
		INJECTED from src\main\AndroidManifest.xml
	android:versionCode
		ADDED from src\main\AndroidManifest.xml:4:5-28
		INJECTED from src\main\AndroidManifest.xml
		INJECTED from src\main\AndroidManifest.xml
	xmlns:android
		ADDED from src\main\AndroidManifest.xml:2:11-69
uses-sdk
ADDED from src\main\AndroidManifest.xml:7:5-9:41
	android:targetSdkVersion
		ADDED from src\main\AndroidManifest.xml:9:9-38
		INJECTED from src\main\AndroidManifest.xml
		INJECTED from src\main\AndroidManifest.xml
	android:minSdkVersion
		ADDED from src\main\AndroidManifest.xml:8:9-35
		INJECTED from src\main\AndroidManifest.xml
		INJECTED from src\main\AndroidManifest.xml
uses-permission#android.permission.INTERNET
ADDED from src\main\AndroidManifest.xml:10:1-79
	android:name
		ADDED from src\main\AndroidManifest.xml:10:18-60
application
ADDED from src\main\AndroidManifest.xml:11:5-105:27
	android:label
		ADDED from src\main\AndroidManifest.xml:14:9-41
	android:allowBackup
		ADDED from src\main\AndroidManifest.xml:12:9-35
	android:icon
		ADDED from src\main\AndroidManifest.xml:13:9-39
	android:theme
		ADDED from src\main\AndroidManifest.xml:15:8-39
activity#app.student.FirstActivity
ADDED from src\main\AndroidManifest.xml:17:9-27:20
	android:label
		ADDED from src\main\AndroidManifest.xml:20:13-45
	android:noHistory
		ADDED from src\main\AndroidManifest.xml:21:13-37
	android:windowSoftInputMode
		ADDED from src\main\AndroidManifest.xml:19:13-54
	android:name
		ADDED from src\main\AndroidManifest.xml:18:13-53
intent-filter#android.intent.action.MAIN+android.intent.category.LAUNCHER
ADDED from src\main\AndroidManifest.xml:22:13-26:29
action#android.intent.action.MAIN
ADDED from src\main\AndroidManifest.xml:23:17-69
	android:name
		ADDED from src\main\AndroidManifest.xml:23:25-66
category#android.intent.category.LAUNCHER
ADDED from src\main\AndroidManifest.xml:25:17-77
	android:name
		ADDED from src\main\AndroidManifest.xml:25:27-74
activity#app.student.SetIdActivity
ADDED from src\main\AndroidManifest.xml:28:9-37:20
	android:label
		ADDED from src\main\AndroidManifest.xml:31:13-45
	android:noHistory
		ADDED from src\main\AndroidManifest.xml:32:13-37
	android:windowSoftInputMode
		ADDED from src\main\AndroidManifest.xml:30:13-54
	android:name
		ADDED from src\main\AndroidManifest.xml:29:13-53
intent-filter#android.intent.category.LAUNCHER
ADDED from src\main\AndroidManifest.xml:33:13-36:29
activity#app.student.RunTestActivity
ADDED from src\main\AndroidManifest.xml:38:11-46:20
	android:label
		ADDED from src\main\AndroidManifest.xml:41:13-45
	android:windowSoftInputMode
		ADDED from src\main\AndroidManifest.xml:40:13-54
	android:name
		ADDED from src\main\AndroidManifest.xml:39:13-55
activity#app.student.ChoiceActivity
ADDED from src\main\AndroidManifest.xml:47:11-56:20
	android:label
		ADDED from src\main\AndroidManifest.xml:50:13-45
	android:noHistory
		ADDED from src\main\AndroidManifest.xml:51:13-37
	android:windowSoftInputMode
		ADDED from src\main\AndroidManifest.xml:49:13-54
	android:name
		ADDED from src\main\AndroidManifest.xml:48:13-54
activity#app.student.InputActivity
ADDED from src\main\AndroidManifest.xml:57:11-66:20
	android:label
		ADDED from src\main\AndroidManifest.xml:60:13-45
	android:noHistory
		ADDED from src\main\AndroidManifest.xml:61:13-37
	android:windowSoftInputMode
		ADDED from src\main\AndroidManifest.xml:59:13-54
	android:name
		ADDED from src\main\AndroidManifest.xml:58:13-53
activity#app.student.MultipleActivity
ADDED from src\main\AndroidManifest.xml:67:11-76:20
	android:label
		ADDED from src\main\AndroidManifest.xml:70:13-45
	android:noHistory
		ADDED from src\main\AndroidManifest.xml:71:13-37
	android:windowSoftInputMode
		ADDED from src\main\AndroidManifest.xml:69:13-54
	android:name
		ADDED from src\main\AndroidManifest.xml:68:13-56
activity#app.student.DownloadActivity
ADDED from src\main\AndroidManifest.xml:77:9-78:56
	android:name
		ADDED from src\main\AndroidManifest.xml:78:13-44
activity#app.student.MainActivity
ADDED from src\main\AndroidManifest.xml:79:9-88:20
	android:label
		ADDED from src\main\AndroidManifest.xml:82:13-41
	android:noHistory
		ADDED from src\main\AndroidManifest.xml:83:13-37
	android:windowSoftInputMode
		ADDED from src\main\AndroidManifest.xml:81:13-54
	android:name
		ADDED from src\main\AndroidManifest.xml:80:13-52
activity#app.student.ActivityMenu
ADDED from src\main\AndroidManifest.xml:89:10-97:17
	android:label
		ADDED from src\main\AndroidManifest.xml:91:8-36
	android:noHistory
		ADDED from src\main\AndroidManifest.xml:92:8-32
	android:windowSoftInputMode
		ADDED from src\main\AndroidManifest.xml:90:10-51
	android:name
		ADDED from src\main\AndroidManifest.xml:89:20-59
activity#app.student.ActivityResult
ADDED from src\main\AndroidManifest.xml:99:6-104:24
	android:label
		ADDED from src\main\AndroidManifest.xml:102:13-43
	android:noHistory
		ADDED from src\main\AndroidManifest.xml:103:13-37
	android:windowSoftInputMode
		ADDED from src\main\AndroidManifest.xml:101:13-54
	android:name
		ADDED from src\main\AndroidManifest.xml:100:13-54